2025-12-05 10:38:41 - INFO - --- RSS Mixer Script Started ---
2025-12-05 10:38:41 - INFO - Current UTC time: 2025-12-05 09:38:41.494801+00:00
2025-12-05 10:38:41 - INFO - Filtering for articles newer than: 2025-12-04 09:09:53.494801+00:00
2025-12-05 10:38:41 - INFO - 
Processing feed: https://pubs.acs.org/action/showFeed?type=axatoc&feed=rss&jc=jctcce
2025-12-05 10:38:41 - INFO - -> ADDED (Date: 2025-12-04 13:45:10+00:00): [ASAP] Thermal Weight Determin...
2025-12-05 10:38:41 - INFO - -> Older than threshold, stopping parse for this feed: [ASAP] Stochastic-SplitGAS: A ...
2025-12-05 10:38:42 - INFO - 
Processing feed: https://pubs.acs.org/action/showFeed?type=axatoc&feed=rss&jc=jaaucr
2025-12-05 10:38:42 - INFO - -> Older than threshold, stopping parse for this feed: [ASAP] Orbital-Selective Photo...
2025-12-05 10:38:42 - INFO - 
Processing feed: https://pubs.acs.org/action/showFeed?type=axatoc&feed=rss&jc=amrcda
2025-12-05 10:38:42 - INFO - -> Older than threshold, stopping parse for this feed: [ASAP] Mesoporous Thin Film Ar...
2025-12-05 10:38:42 - INFO - 
Processing feed: https://pubs.acs.org/action/showFeed?type=axatoc&feed=rss&jc=acbcct
2025-12-05 10:38:42 - INFO - -> Older than threshold, stopping parse for this feed: [ASAP] Selectivity of the Time...
2025-12-05 10:38:43 - INFO - 
Processing feed: https://pubs.acs.org/action/showFeed?type=axatoc&feed=rss&jc=jacsat
2025-12-05 10:38:43 - INFO - -> ADDED (Date: 2025-12-04 13:56:18+00:00): [ASAP] Designing Fluorine-Free...
2025-12-05 10:38:43 - INFO - -> ADDED (Date: 2025-12-04 20:00:00+00:00): [ASAP] Valorization of CO2 and...
2025-12-05 10:38:43 - INFO - -> ADDED (Date: 2025-12-04 09:47:55+00:00): [ASAP] Van Der Waals Order–Dis...
2025-12-05 10:38:43 - INFO - -> ADDED (Date: 2025-12-04 20:45:50+00:00): [ASAP] Unified Total Synthesis...
2025-12-05 10:38:43 - INFO - -> ADDED (Date: 2025-12-04 09:48:45+00:00): [ASAP] Aza Analogs of Arene Ox...
2025-12-05 10:38:43 - INFO - -> Older than threshold, stopping parse for this feed: [ASAP] Carbonylative Ring Expa...
2025-12-05 10:38:43 - INFO - 
Processing feed: https://pubs.acs.org/action/showFeed?type=axatoc&feed=rss&jc=jpcafh
2025-12-05 10:38:43 - INFO - -> ADDED (Date: 2025-12-04 12:58:46+00:00): [ASAP] Observation of Rayleigh...
2025-12-05 10:38:43 - INFO - -> ADDED (Date: 2025-12-04 12:39:47+00:00): [ASAP] Laboratory Rotational S...
2025-12-05 10:38:43 - INFO - -> Older than threshold, stopping parse for this feed: [ASAP] Characterization of S2O...
2025-12-05 10:38:43 - INFO - 
Processing feed: https://pubs.acs.org/action/showFeed?type=axatoc&feed=rss&jc=jpcbfk
2025-12-05 10:38:43 - INFO - -> Older than threshold, stopping parse for this feed: [ASAP] How Water Regulates Non...
2025-12-05 10:38:44 - INFO - 
Processing feed: https://pubs.acs.org/action/showFeed?type=axatoc&feed=rss&jc=jpccck
2025-12-05 10:38:44 - INFO - -> Older than threshold, stopping parse for this feed: [ASAP] Optical Properties of F...
2025-12-05 10:38:44 - INFO - 
Processing feed: https://pubs.acs.org/action/showFeed?type=axatoc&feed=rss&jc=jpclcd
2025-12-05 10:38:44 - INFO - -> ADDED (Date: 2025-12-04 10:07:42+00:00): [ASAP] Time-Scale-Resolved Cap...
2025-12-05 10:38:44 - INFO - -> Older than threshold, stopping parse for this feed: [ASAP] Molecular-Layer-Deposit...
2025-12-05 10:38:44 - INFO - 
--- Feed Processing Finished ---
2025-12-05 10:38:44 - INFO - Total articles that passed the filter: 9
2025-12-05 10:38:44 - INFO - Injecting pinned test entry at the top of the feed.
2025-12-05 10:38:44 - INFO - Final feed count: 10 (including pinned item).
2025-12-05 10:38:44 - INFO - Successfully generated new RSS feed: custom_feed.xml
2025-12-05 10:38:44 - INFO - --- RSS Mixer Script Finished ---
